<?xml version="1.0" encoding="UTF-8"?>
<!-- Generated by org.testng.reporters.JUnitReportReporter -->
<testsuite hostname="REKHASU1" name="org.ceilometer.CeilometerTestAutomationSuite.MeterListFilterQueryByTimestamp_LE_Test" tests="2" failures="0" timestamp="18 Jun 2014 09:05:44 GMT" time="42.675" errors="0">
  <testcase name="timeStampFilterLessThanOrEqualToQueryResponseAssertion" time="16.153" classname="org.ceilometer.CeilometerTestAutomationSuite.MeterListFilterQueryByTimestamp_LE_Test"/>
  <testcase name="timeStampFilterLessThanOrEqualToQueryResponseAllJSONfieldsExist" time="26.522" classname="org.ceilometer.CeilometerTestAutomationSuite.MeterListFilterQueryByTimestamp_LE_Test"/>
</testsuite> <!-- org.ceilometer.CeilometerTestAutomationSuite.MeterListFilterQueryByTimestamp_LE_Test -->
