<?xml version="1.0" encoding="UTF-8"?>
<!-- Generated by org.testng.reporters.JUnitReportReporter -->
<testsuite hostname="REKHASU1" name="org.ceilometer.CeilometerTestAutomationSuite.MeterListFilterVerificationTest" tests="1" failures="0" timestamp="13 Jun 2014 10:35:39 GMT" time="0.006" errors="0">
  <testcase name="validateMeterListFilterMeter_id" time="0.006" classname="org.ceilometer.CeilometerTestAutomationSuite.MeterListFilterVerificationTest"/>
</testsuite> <!-- org.ceilometer.CeilometerTestAutomationSuite.MeterListFilterVerificationTest -->
