<?xml version="1.0" encoding="UTF-8"?>
<!-- Generated by org.testng.reporters.JUnitReportReporter -->
<testsuite hostname="REKHASU1" name="org.ceilometer.CeilometerTestAutomationSuite.MeterListFilterQueryByTimestamp" tests="3" failures="0" timestamp="18 Jun 2014 08:53:50 GMT" time="51.889" errors="0">
  <testcase name="timeStampFilterGreaterThanOrEqualToQueryResponseAssertion" time="14.379" classname="org.ceilometer.CeilometerTestAutomationSuite.MeterListFilterQueryByTimestamp"/>
  <testcase name="timeStampFilterGreaterThanOrEqualToQueryResponseAllJSONfieldsExist" time="24.542" classname="org.ceilometer.CeilometerTestAutomationSuite.MeterListFilterQueryByTimestamp"/>
  <testcase name="timeStampFilterGreaterThanOrEqualToQueryResponseVerifyTimeStampValue" time="12.968" classname="org.ceilometer.CeilometerTestAutomationSuite.MeterListFilterQueryByTimestamp"/>
</testsuite> <!-- org.ceilometer.CeilometerTestAutomationSuite.MeterListFilterQueryByTimestamp -->
