<?xml version="1.0" encoding="UTF-8"?>
<!-- Generated by org.testng.reporters.JUnitReportReporter -->
<testsuite hostname="REKHASU1" name="org.ceilometer.CeilometerTestAutomationSuite.FilterQueryTest" tests="3" failures="0" timestamp="16 Jun 2014 11:10:15 GMT" time="46.427" errors="0">
  <testcase name="projectIdFilterQueryTestResponseAssertionTest" time="22.746" classname="org.ceilometer.CeilometerTestAutomationSuite.FilterQueryTest"/>
  <testcase name="projectIdFilterQueryVerifyProjectIdValue" time="11.933" classname="org.ceilometer.CeilometerTestAutomationSuite.FilterQueryTest"/>
  <testcase name="proejctIdFilterQueryResponseAllJSONfieldsExist" time="11.748" classname="org.ceilometer.CeilometerTestAutomationSuite.FilterQueryTest"/>
</testsuite> <!-- org.ceilometer.CeilometerTestAutomationSuite.FilterQueryTest -->
