<?xml version="1.0" encoding="UTF-8"?>
<!-- Generated by org.testng.reporters.JUnitReportReporter -->
<testsuite hostname="REKHASU1" name="org.ceilometer.CeilometerTestAutomationSuite.MeterListValidatorTest" tests="2" failures="0" timestamp="13 Jun 2014 10:35:39 GMT" time="4.964" errors="0">
  <testcase name="meterListResponseJSONObjectsExist" time="2.959" classname="org.ceilometer.CeilometerTestAutomationSuite.MeterListValidatorTest"/>
  <testcase name="validateMeterListResponseJSONFields" time="2.005" classname="org.ceilometer.CeilometerTestAutomationSuite.MeterListValidatorTest"/>
</testsuite> <!-- org.ceilometer.CeilometerTestAutomationSuite.MeterListValidatorTest -->
