<?xml version="1.0" encoding="UTF-8"?>
<!-- Generated by org.testng.reporters.JUnitReportReporter -->
<testsuite hostname="REKHASU1" name="org.ceilometer.CeilometerTestAutomationSuite.MeterListFilterQueryByTimestamp_EQ_Test" tests="2" failures="1" timestamp="18 Jun 2014 09:22:56 GMT" time="43.038" errors="0">
  <testcase name="timeStampFilterEqualsToQueryResponseAssertion" time="9.377" classname="org.ceilometer.CeilometerTestAutomationSuite.MeterListFilterQueryByTimestamp_EQ_Test">
    <failure type="junit.framework.AssertionFailedError" message="expected:&lt;400&gt; but was:&lt;200&gt;">
      <![CDATA[junit.framework.AssertionFailedError: expected:<400> but was:<200>
	at junit.framework.Assert.fail(Assert.java:47)
	at junit.framework.Assert.failNotEquals(Assert.java:282)
	at junit.framework.Assert.assertEquals(Assert.java:64)
	at junit.framework.Assert.assertEquals(Assert.java:201)
	at junit.framework.Assert.assertEquals(Assert.java:207)
	at org.ceilometer.CeilometerTestAutomationSuite.MeterListFilterQueryByTimestamp_EQ_Test.timeStampFilterEqualsToQueryResponseAssertion(MeterListFilterQueryByTimestamp_EQ_Test.java:68)
	at sun.reflect.NativeMethodAccessorImpl.invoke0(Native Method)
	at sun.reflect.NativeMethodAccessorImpl.invoke(NativeMethodAccessorImpl.java:57)
	at sun.reflect.DelegatingMethodAccessorImpl.invoke(DelegatingMethodAccessorImpl.java:43)
	at java.lang.reflect.Method.invoke(Method.java:606)
	at org.testng.internal.MethodInvocationHelper.invokeMethod(MethodInvocationHelper.java:84)
	at org.testng.internal.Invoker.invokeMethod(Invoker.java:714)
	at org.testng.internal.Invoker.invokeTestMethod(Invoker.java:901)
	at org.testng.internal.Invoker.invokeTestMethods(Invoker.java:1231)
	at org.testng.internal.TestMethodWorker.invokeTestMethods(TestMethodWorker.java:127)
	at org.testng.internal.TestMethodWorker.run(TestMethodWorker.java:111)
	at org.testng.TestRunner.privateRun(TestRunner.java:767)
	at org.testng.TestRunner.run(TestRunner.java:617)
	at org.testng.SuiteRunner.runTest(SuiteRunner.java:334)
	at org.testng.SuiteRunner.runSequentially(SuiteRunner.java:329)
	at org.testng.SuiteRunner.privateRun(SuiteRunner.java:291)
	at org.testng.SuiteRunner.run(SuiteRunner.java:240)
	at org.testng.SuiteRunnerWorker.runSuite(SuiteRunnerWorker.java:52)
	at org.testng.SuiteRunnerWorker.run(SuiteRunnerWorker.java:86)
	at org.testng.TestNG.runSuitesSequentially(TestNG.java:1224)
	at org.testng.TestNG.runSuitesLocally(TestNG.java:1149)
	at org.testng.TestNG.run(TestNG.java:1057)
	at org.testng.remote.RemoteTestNG.run(RemoteTestNG.java:111)
	at org.testng.remote.RemoteTestNG.initAndRun(RemoteTestNG.java:204)
	at org.testng.remote.RemoteTestNG.main(RemoteTestNG.java:175)
]]>
    </failure>
  </testcase> <!-- timeStampFilterEqualsToQueryResponseAssertion -->
  <testcase name="timeStampFilterEqualsToQueryResponseAllJSONfieldsExist" time="33.661" classname="org.ceilometer.CeilometerTestAutomationSuite.MeterListFilterQueryByTimestamp_EQ_Test"/>
</testsuite> <!-- org.ceilometer.CeilometerTestAutomationSuite.MeterListFilterQueryByTimestamp_EQ_Test -->
