<?xml version="1.0" encoding="UTF-8"?>
<!-- Generated by org.testng.reporters.JUnitReportReporter -->
<testsuite hostname="REKHASU1" name="org.ceilometer.CeilometerTestAutomationSuite.FilterQueryByUserIDTest" tests="3" failures="0" timestamp="18 Jun 2014 11:09:58 GMT" time="36.118" errors="0">
  <testcase name="userIdFilterQueryVerifyuserIdValue" time="11.365" classname="org.ceilometer.CeilometerTestAutomationSuite.FilterQueryByUserIDTest"/>
  <testcase name="userIdFilterQueryResponseAllJSONfieldsExist" time="9.298" classname="org.ceilometer.CeilometerTestAutomationSuite.FilterQueryByUserIDTest"/>
  <testcase name="userIdFilterQueryResponseAssertionTest" time="15.455" classname="org.ceilometer.CeilometerTestAutomationSuite.FilterQueryByUserIDTest"/>
</testsuite> <!-- org.ceilometer.CeilometerTestAutomationSuite.FilterQueryByUserIDTest -->
