<?xml version="1.0" encoding="UTF-8"?>
<!-- Generated by org.testng.reporters.JUnitReportReporter -->
<testsuite hostname="REKHASU1" name="org.ceilometer.CeilometerTestAutomationSuite.MeterListFilterWithFieldsTest" tests="4" failures="0" timestamp="18 Jun 2014 11:09:58 GMT" time="22.455" errors="0">
  <testcase name="verifyMeterListFilterWithMeterIdAllJSONFieldsExist" time="8.338" classname="org.ceilometer.CeilometerTestAutomationSuite.MeterListFilterWithFieldsTest"/>
  <testcase name="validateMeterListResponseJSONFields" time="0.981" classname="org.ceilometer.CeilometerTestAutomationSuite.MeterListFilterWithFieldsTest"/>
  <testcase name="meterListResponseJSONObjectsExist" time="1.733" classname="org.ceilometer.CeilometerTestAutomationSuite.MeterListFilterWithFieldsTest"/>
  <testcase name="verifyMeterListFilterWithMeterIdResponseCode" time="11.403" classname="org.ceilometer.CeilometerTestAutomationSuite.MeterListFilterWithFieldsTest"/>
</testsuite> <!-- org.ceilometer.CeilometerTestAutomationSuite.MeterListFilterWithFieldsTest -->
