<?xml version="1.0" encoding="UTF-8"?>
<!-- Generated by org.testng.reporters.JUnitReportReporter -->
<testsuite hostname="REKHASU1" name="org.ceilometer.CeilometerTestAutomationSuite.MeterListTest" tests="2" failures="0" timestamp="18 Jun 2014 11:09:58 GMT" time="4.201" errors="0">
  <testcase name="verifyGetMetersResponseCode" time="2.633" classname="org.ceilometer.CeilometerTestAutomationSuite.MeterListTest"/>
  <testcase name="invalidTokenGetMetersResponseCode" time="1.568" classname="org.ceilometer.CeilometerTestAutomationSuite.MeterListTest"/>
</testsuite> <!-- org.ceilometer.CeilometerTestAutomationSuite.MeterListTest -->
