<?xml version="1.0" encoding="UTF-8"?>
<!-- Generated by org.testng.reporters.JUnitReportReporter -->
<testsuite hostname="REKHASU1" name="org.ceilometer.CeilometerTestAutomationSuite.MeterListFilterQueryByTimestamp_GT_Test" tests="2" failures="0" timestamp="18 Jun 2014 11:09:58 GMT" time="50.413" errors="0">
  <testcase name="timeStampFilterGreaterThanQueryResponseAssertion" time="23.195" classname="org.ceilometer.CeilometerTestAutomationSuite.MeterListFilterQueryByTimestamp_GT_Test"/>
  <testcase name="timeStampFilterGreaterThanQueryResponseAllJSONfieldsExist" time="27.218" classname="org.ceilometer.CeilometerTestAutomationSuite.MeterListFilterQueryByTimestamp_GT_Test"/>
</testsuite> <!-- org.ceilometer.CeilometerTestAutomationSuite.MeterListFilterQueryByTimestamp_GT_Test -->
