<?xml version="1.0" encoding="UTF-8"?>
<!-- Generated by org.testng.reporters.JUnitReportReporter -->
<testsuite hostname="REKHASU1" name="org.ceilometer.CeilometerTestAutomationSuite.MeterListFilterQueryByTimestamp_LE_Test" tests="2" failures="0" timestamp="18 Jun 2014 11:09:58 GMT" time="38.790" errors="0">
  <testcase name="timeStampFilterLessThanOrEqualToQueryResponseAllJSONfieldsExist" time="21.415" classname="org.ceilometer.CeilometerTestAutomationSuite.MeterListFilterQueryByTimestamp_LE_Test"/>
  <testcase name="timeStampFilterLessThanOrEqualToQueryResponseAssertion" time="17.375" classname="org.ceilometer.CeilometerTestAutomationSuite.MeterListFilterQueryByTimestamp_LE_Test"/>
</testsuite> <!-- org.ceilometer.CeilometerTestAutomationSuite.MeterListFilterQueryByTimestamp_LE_Test -->
