<?xml version="1.0" encoding="UTF-8"?>
<!-- Generated by org.testng.reporters.JUnitReportReporter -->
<testsuite hostname="REKHASU1" name="org.ceilometer.CeilometerTestAutomationSuite.FilterQueryByUserIDTest" tests="3" failures="0" timestamp="17 Jun 2014 09:23:45 GMT" time="30.878" errors="0">
  <testcase name="userIdFilterQueryResponseAssertionTest" time="11.020" classname="org.ceilometer.CeilometerTestAutomationSuite.FilterQueryByUserIDTest"/>
  <testcase name="userIdFilterQueryVerifyuserIdValue" time="9.643" classname="org.ceilometer.CeilometerTestAutomationSuite.FilterQueryByUserIDTest"/>
  <testcase name="userIdFilterQueryResponseAllJSONfieldsExist" time="10.215" classname="org.ceilometer.CeilometerTestAutomationSuite.FilterQueryByUserIDTest"/>
</testsuite> <!-- org.ceilometer.CeilometerTestAutomationSuite.FilterQueryByUserIDTest -->
