<?xml version="1.0" encoding="UTF-8"?>
<!-- Generated by org.testng.reporters.JUnitReportReporter -->
<testsuite hostname="REKHASU1" name="org.ceilometer.CeilometerTestAutomationSuite.MeterListFilterQuerybyServiceIDTest" tests="3" failures="0" timestamp="17 Jun 2014 09:56:03 GMT" time="30.126" errors="0">
  <testcase name="serviceIdFilterQueryResponseAssertionTest" time="10.002" classname="org.ceilometer.CeilometerTestAutomationSuite.MeterListFilterQuerybyServiceIDTest"/>
  <testcase name="serviceIdFilterQueryResponseVerifyserviceIdValue" time="9.997" classname="org.ceilometer.CeilometerTestAutomationSuite.MeterListFilterQuerybyServiceIDTest"/>
  <testcase name="serviceIdFilterQueryResponseAllJSONfieldsExist" time="10.127" classname="org.ceilometer.CeilometerTestAutomationSuite.MeterListFilterQuerybyServiceIDTest"/>
</testsuite> <!-- org.ceilometer.CeilometerTestAutomationSuite.MeterListFilterQuerybyServiceIDTest -->
