<?xml version="1.0" encoding="UTF-8"?>
<!-- Generated by org.testng.reporters.JUnitReportReporter -->
<testsuite hostname="REKHASU1" name="org.ceilometer.CeilometerTestAutomationSuite.MeterListFilterQueryByTimestamp_GT_Test" tests="2" failures="0" timestamp="18 Jun 2014 08:59:17 GMT" time="47.807" errors="0">
  <testcase name="timeStampFilterGreaterThanQueryResponseAllJSONfieldsExist" time="31.385" classname="org.ceilometer.CeilometerTestAutomationSuite.MeterListFilterQueryByTimestamp_GT_Test"/>
  <testcase name="timeStampFilterGreaterThanQueryResponseAssertion" time="16.422" classname="org.ceilometer.CeilometerTestAutomationSuite.MeterListFilterQueryByTimestamp_GT_Test"/>
</testsuite> <!-- org.ceilometer.CeilometerTestAutomationSuite.MeterListFilterQueryByTimestamp_GT_Test -->
