<?xml version="1.0" encoding="UTF-8"?>
<!-- Generated by org.testng.reporters.JUnitReportReporter -->
<testsuite hostname="REKHASU1" name="org.ceilometer.CeilometerTestAutomationSuite.MeterListFilterWithFields" tests="4" failures="0" timestamp="17 Jun 2014 06:06:23 GMT" time="12.558" errors="0">
  <testcase name="meterListResponseJSONObjectsExist" time="1.630" classname="org.ceilometer.CeilometerTestAutomationSuite.MeterListFilterWithFields"/>
  <testcase name="verifyMeterListFilterWithMeterIdResponseCode" time="5.394" classname="org.ceilometer.CeilometerTestAutomationSuite.MeterListFilterWithFields"/>
  <testcase name="validateMeterListResponseJSONFields" time="0.548" classname="org.ceilometer.CeilometerTestAutomationSuite.MeterListFilterWithFields"/>
  <testcase name="verifyMeterListFilterWithMeterIdAllJSONFieldsExist" time="4.986" classname="org.ceilometer.CeilometerTestAutomationSuite.MeterListFilterWithFields"/>
</testsuite> <!-- org.ceilometer.CeilometerTestAutomationSuite.MeterListFilterWithFields -->
