<?xml version="1.0" encoding="UTF-8"?>
<!-- Generated by org.testng.reporters.JUnitReportReporter -->
<testsuite hostname="REKHASU1" name="org.ceilometer.CeilometerTestAutomationSuite.MeterListTest" tests="2" failures="0" timestamp="18 Jun 2014 10:32:33 GMT" time="6.162" errors="0">
  <testcase name="invalidTokenGetMetersResponseCode" time="3.128" classname="org.ceilometer.CeilometerTestAutomationSuite.MeterListTest"/>
  <testcase name="verifyGetMetersResponseCode" time="3.034" classname="org.ceilometer.CeilometerTestAutomationSuite.MeterListTest"/>
</testsuite> <!-- org.ceilometer.CeilometerTestAutomationSuite.MeterListTest -->
