<?xml version="1.0" encoding="UTF-8"?>
<!-- Generated by org.testng.reporters.JUnitReportReporter -->
<testsuite hostname="REKHASU1" name="org.ceilometer.CeilometerTestAutomationSuite.MeterListFilterQueryByTimestamp_GE_Test" tests="2" failures="0" timestamp="18 Jun 2014 11:09:58 GMT" time="51.024" errors="0">
  <testcase name="timeStampFilterGreaterThanOrEqualToQueryResponseAllJSONfieldsExist" time="26.249" classname="org.ceilometer.CeilometerTestAutomationSuite.MeterListFilterQueryByTimestamp_GE_Test"/>
  <testcase name="timeStampFilterGreaterThanOrEqualToQueryResponseAssertion" time="24.775" classname="org.ceilometer.CeilometerTestAutomationSuite.MeterListFilterQueryByTimestamp_GE_Test"/>
</testsuite> <!-- org.ceilometer.CeilometerTestAutomationSuite.MeterListFilterQueryByTimestamp_GE_Test -->
