<?xml version="1.0" encoding="UTF-8"?>
<!-- Generated by org.testng.reporters.JUnitReportReporter -->
<testsuite hostname="REKHASU1" name="org.ceilometer.CeilometerTestAutomationSuite.MeterListFilterQueryByTimestamp_LT_Test" tests="2" failures="0" timestamp="18 Jun 2014 11:09:58 GMT" time="41.668" errors="0">
  <testcase name="timeStampFilterLessThanQueryResponseAllJSONfieldsExist" time="23.922" classname="org.ceilometer.CeilometerTestAutomationSuite.MeterListFilterQueryByTimestamp_LT_Test"/>
  <testcase name="timeStampFilterLessThanQueryResponseAssertion" time="17.746" classname="org.ceilometer.CeilometerTestAutomationSuite.MeterListFilterQueryByTimestamp_LT_Test"/>
</testsuite> <!-- org.ceilometer.CeilometerTestAutomationSuite.MeterListFilterQueryByTimestamp_LT_Test -->
