<?xml version="1.0" encoding="UTF-8"?>
<!-- Generated by org.testng.reporters.JUnitReportReporter -->
<testsuite hostname="REKHASU1" name="org.ceilometer.CeilometerTestAutomationSuite.MeterListValidatorTest" tests="2" failures="0" timestamp="18 Jun 2014 10:32:33 GMT" time="2.741" errors="0">
  <testcase name="validateMeterListResponseJSONFields" time="0.949" classname="org.ceilometer.CeilometerTestAutomationSuite.MeterListValidatorTest"/>
  <testcase name="meterListResponseJSONObjectsExist" time="1.792" classname="org.ceilometer.CeilometerTestAutomationSuite.MeterListValidatorTest"/>
</testsuite> <!-- org.ceilometer.CeilometerTestAutomationSuite.MeterListValidatorTest -->
