<?xml version="1.0" encoding="UTF-8"?>
<!-- Generated by org.testng.reporters.JUnitReportReporter -->
<testsuite hostname="REKHASU1" name="org.ceilometer.CeilometerTestAutomationSuite.MeterListFilterQueryByTimestamp_LT_Test" tests="2" failures="0" timestamp="18 Jun 2014 10:32:33 GMT" time="37.831" errors="0">
  <testcase name="timeStampFilterLessThanQueryResponseAllJSONfieldsExist" time="22.777" classname="org.ceilometer.CeilometerTestAutomationSuite.MeterListFilterQueryByTimestamp_LT_Test"/>
  <testcase name="timeStampFilterLessThanQueryResponseAssertion" time="15.054" classname="org.ceilometer.CeilometerTestAutomationSuite.MeterListFilterQueryByTimestamp_LT_Test"/>
</testsuite> <!-- org.ceilometer.CeilometerTestAutomationSuite.MeterListFilterQueryByTimestamp_LT_Test -->
