<?xml version="1.0" encoding="UTF-8"?>
<!-- Generated by org.testng.reporters.JUnitReportReporter -->
<testsuite hostname="REKHASU1" name="org.ceilometer.CeilometerTestAutomationSuite.MeterListFilterWithFieldsTest" tests="4" failures="0" timestamp="18 Jun 2014 10:32:33 GMT" time="23.783" errors="0">
  <testcase name="verifyMeterListFilterWithMeterIdAllJSONFieldsExist" time="8.622" classname="org.ceilometer.CeilometerTestAutomationSuite.MeterListFilterWithFieldsTest"/>
  <testcase name="meterListResponseJSONObjectsExist" time="1.006" classname="org.ceilometer.CeilometerTestAutomationSuite.MeterListFilterWithFieldsTest"/>
  <testcase name="verifyMeterListFilterWithMeterIdResponseCode" time="12.085" classname="org.ceilometer.CeilometerTestAutomationSuite.MeterListFilterWithFieldsTest"/>
  <testcase name="validateMeterListResponseJSONFields" time="2.070" classname="org.ceilometer.CeilometerTestAutomationSuite.MeterListFilterWithFieldsTest"/>
</testsuite> <!-- org.ceilometer.CeilometerTestAutomationSuite.MeterListFilterWithFieldsTest -->
