<?xml version="1.0" encoding="UTF-8"?>
<!-- Generated by org.testng.reporters.JUnitReportReporter -->
<testsuite hostname="REKHASU1" name="org.ceilometer.CeilometerTestAutomationSuite.MeterListFilterQuerybyServiceIDTest1" tests="3" failures="0" timestamp="18 Jun 2014 11:09:58 GMT" time="32.638" errors="0">
  <testcase name="serviceIdFilterQueryResponseAllJSONfieldsExist" time="12.203" classname="org.ceilometer.CeilometerTestAutomationSuite.MeterListFilterQuerybyServiceIDTest1"/>
  <testcase name="serviceIdFilterQueryResponseVerifyserviceIdValue" time="8.502" classname="org.ceilometer.CeilometerTestAutomationSuite.MeterListFilterQuerybyServiceIDTest1"/>
  <testcase name="serviceIdFilterQueryResponseAssertionTest" time="11.933" classname="org.ceilometer.CeilometerTestAutomationSuite.MeterListFilterQuerybyServiceIDTest1"/>
</testsuite> <!-- org.ceilometer.CeilometerTestAutomationSuite.MeterListFilterQuerybyServiceIDTest1 -->
