<?xml version="1.0" encoding="UTF-8"?>
<!-- Generated by org.testng.reporters.JUnitReportReporter -->
<testsuite hostname="REKHASU1" name="org.ceilometer.CeilometerTestAutomationSuite.MeterListFilterQuerybyServiceIDTest1" tests="3" failures="0" timestamp="18 Jun 2014 10:32:33 GMT" time="30.216" errors="0">
  <testcase name="serviceIdFilterQueryResponseVerifyserviceIdValue" time="10.419" classname="org.ceilometer.CeilometerTestAutomationSuite.MeterListFilterQuerybyServiceIDTest1"/>
  <testcase name="serviceIdFilterQueryResponseAssertionTest" time="10.391" classname="org.ceilometer.CeilometerTestAutomationSuite.MeterListFilterQuerybyServiceIDTest1"/>
  <testcase name="serviceIdFilterQueryResponseAllJSONfieldsExist" time="9.406" classname="org.ceilometer.CeilometerTestAutomationSuite.MeterListFilterQuerybyServiceIDTest1"/>
</testsuite> <!-- org.ceilometer.CeilometerTestAutomationSuite.MeterListFilterQuerybyServiceIDTest1 -->
