<?xml version="1.0" encoding="UTF-8"?>
<!-- Generated by org.testng.reporters.JUnitReportReporter -->
<testsuite hostname="REKHASU1" name="org.ceilometer.CeilometerTestAutomationSuite.FilterQueryProjectIDTest" tests="3" failures="0" timestamp="18 Jun 2014 11:09:58 GMT" time="35.692" errors="0">
  <testcase name="projectIdFilterQueryTestResponseAssertionTest" time="14.019" classname="org.ceilometer.CeilometerTestAutomationSuite.FilterQueryProjectIDTest"/>
  <testcase name="projectIdFilterQueryResponseAllJSONfieldsExist" time="13.028" classname="org.ceilometer.CeilometerTestAutomationSuite.FilterQueryProjectIDTest"/>
  <testcase name="projectIdFilterQueryVerifyProjectIdValue" time="8.645" classname="org.ceilometer.CeilometerTestAutomationSuite.FilterQueryProjectIDTest"/>
</testsuite> <!-- org.ceilometer.CeilometerTestAutomationSuite.FilterQueryProjectIDTest -->
