<?xml version="1.0" encoding="UTF-8"?>
<!-- Generated by org.testng.reporters.JUnitReportReporter -->
<testsuite hostname="REKHASU1" name="org.ceilometer.CeilometerTestAutomationSuite.FilterQueryProjectIDTest" tests="3" failures="0" timestamp="18 Jun 2014 10:32:33 GMT" time="27.768" errors="0">
  <testcase name="projectIdFilterQueryResponseAllJSONfieldsExist" time="8.670" classname="org.ceilometer.CeilometerTestAutomationSuite.FilterQueryProjectIDTest"/>
  <testcase name="projectIdFilterQueryVerifyProjectIdValue" time="7.833" classname="org.ceilometer.CeilometerTestAutomationSuite.FilterQueryProjectIDTest"/>
  <testcase name="projectIdFilterQueryTestResponseAssertionTest" time="11.265" classname="org.ceilometer.CeilometerTestAutomationSuite.FilterQueryProjectIDTest"/>
</testsuite> <!-- org.ceilometer.CeilometerTestAutomationSuite.FilterQueryProjectIDTest -->
